[debug] [2023-05-06T14:52:22.819Z] ----------------------------------------------------------------------
[debug] [2023-05-06T14:52:22.820Z] Command:       /usr/local/bin/node /opt/homebrew/bin/firebase serve
[debug] [2023-05-06T14:52:22.820Z] CLI Version:   11.29.1
[debug] [2023-05-06T14:52:22.820Z] Platform:      darwin
[debug] [2023-05-06T14:52:22.820Z] Node Version:  v18.15.0
[debug] [2023-05-06T14:52:22.821Z] Time:          Sat May 06 2023 23:52:22 GMT+0900 (Korean Standard Time)
[debug] [2023-05-06T14:52:22.821Z] ----------------------------------------------------------------------
[debug] 
[debug] [2023-05-06T14:52:22.880Z] Object "" in "firebase.json" has unknown property: {"additionalProperty":"rewrites"}
[debug] [2023-05-06T14:52:22.883Z] > command requires scopes: ["email","openid","https://www.googleapis.com/auth/cloudplatformprojects.readonly","https://www.googleapis.com/auth/firebase","https://www.googleapis.com/auth/cloud-platform"]
[debug] [2023-05-06T14:52:22.883Z] > authorizing via signed-in user (eric01047178006@gmail.com)
[debug] [2023-05-06T14:52:22.883Z] [iam] checking project musefinder for permissions ["firebase.projects.get"]
[debug] [2023-05-06T14:52:22.884Z] >>> [apiv2][query] POST https://cloudresourcemanager.googleapis.com/v1/projects/musefinder:testIamPermissions [none]
[debug] [2023-05-06T14:52:22.884Z] >>> [apiv2][(partial)header] POST https://cloudresourcemanager.googleapis.com/v1/projects/musefinder:testIamPermissions x-goog-quota-user=projects/musefinder
[debug] [2023-05-06T14:52:22.884Z] >>> [apiv2][body] POST https://cloudresourcemanager.googleapis.com/v1/projects/musefinder:testIamPermissions {"permissions":["firebase.projects.get"]}
[debug] [2023-05-06T14:52:23.862Z] <<< [apiv2][status] POST https://cloudresourcemanager.googleapis.com/v1/projects/musefinder:testIamPermissions 200
[debug] [2023-05-06T14:52:23.863Z] <<< [apiv2][body] POST https://cloudresourcemanager.googleapis.com/v1/projects/musefinder:testIamPermissions {"permissions":["firebase.projects.get"]}
[debug] [2023-05-06T14:52:23.871Z] >>> [apiv2][query] GET https://firebase.googleapis.com/v1beta1/projects/musefinder [none]
[debug] [2023-05-06T14:52:24.403Z] <<< [apiv2][status] GET https://firebase.googleapis.com/v1beta1/projects/musefinder 200
[debug] [2023-05-06T14:52:24.404Z] <<< [apiv2][body] GET https://firebase.googleapis.com/v1beta1/projects/musefinder {"projectId":"musefinder","projectNumber":"680887998253","displayName":"Musefinder","name":"projects/musefinder","resources":{"hostingSite":"musefinder"},"state":"ACTIVE","etag":"1_d3f88f5c-fa87-44f3-9adb-928b303787c0"}
[info] 
[info] === Serving from '/Users/ericbaek/Library/CloudStorage/OneDrive-Personal/Documents/React/musefinder'...
[info] 
[debug] [2023-05-06T14:52:24.415Z] >>> [apiv2][query] GET https://firebasehosting.googleapis.com/v1beta1/projects/musefinder/sites 
[debug] [2023-05-06T14:52:25.177Z] <<< [apiv2][status] GET https://firebasehosting.googleapis.com/v1beta1/projects/musefinder/sites 200
[debug] [2023-05-06T14:52:25.178Z] <<< [apiv2][body] GET https://firebasehosting.googleapis.com/v1beta1/projects/musefinder/sites {"sites":[{"name":"projects/musefinder/sites/modifymusefinder","defaultUrl":"https://modifymusefinder.web.app","appId":"1:680887998253:web:d96d7ce5f571932808e5a4","type":"USER_SITE"},{"name":"projects/musefinder/sites/musefinder","defaultUrl":"https://musefinder.web.app","appId":"1:680887998253:web:daa0a2a911840cd808e5a4","type":"DEFAULT_SITE"}]}
[debug] [2023-05-06T14:52:25.178Z] >>> [apiv2][query] GET https://firebase.googleapis.com/v1beta1/projects/musefinder/webApps/1:680887998253:web:daa0a2a911840cd808e5a4/config [none]
[debug] [2023-05-06T14:52:26.439Z] <<< [apiv2][status] GET https://firebase.googleapis.com/v1beta1/projects/musefinder/webApps/1:680887998253:web:daa0a2a911840cd808e5a4/config 200
[debug] [2023-05-06T14:52:26.439Z] <<< [apiv2][body] GET https://firebase.googleapis.com/v1beta1/projects/musefinder/webApps/1:680887998253:web:daa0a2a911840cd808e5a4/config {"projectId":"musefinder","appId":"1:680887998253:web:daa0a2a911840cd808e5a4","storageBucket":"musefinder.appspot.com","apiKey":"AIzaSyCBMZu-MQMyUVzwQ8C-QroMgEFp2ZB3NLU","authDomain":"musefinder.firebaseapp.com","messagingSenderId":"680887998253","measurementId":"G-ZJF8DE90ZS"}
[debug] [2023-05-06T14:52:26.447Z] >>> [apiv2][query] GET https://firebase.googleapis.com/v1beta1/projects/musefinder [none]
[debug] [2023-05-06T14:52:26.827Z] <<< [apiv2][status] GET https://firebase.googleapis.com/v1beta1/projects/musefinder 200
[debug] [2023-05-06T14:52:26.828Z] <<< [apiv2][body] GET https://firebase.googleapis.com/v1beta1/projects/musefinder {"projectId":"musefinder","projectNumber":"680887998253","displayName":"Musefinder","name":"projects/musefinder","resources":{"hostingSite":"musefinder"},"state":"ACTIVE","etag":"1_d3f88f5c-fa87-44f3-9adb-928b303787c0"}
[info] i  hosting[musefinder]: Serving hosting files from: out {"metadata":{"emulator":{"name":"hosting"},"message":"Serving hosting files from: \u001b[1mout\u001b[22m"}}
[info] ✔  hosting[musefinder]: Local server: http://localhost:5002 {"metadata":{"emulator":{"name":"hosting"},"message":"Local server: \u001b[4m\u001b[1mhttp://localhost:5002\u001b[22m\u001b[24m"}}
